Сборка начата 25.12.2015 23:08:09.
     1>Проект "C:\Users\Кантемир\Documents\Visual Studio 2015\Projects\Messenger\Messenger\Messenger.vcxproj" в узле 2 (целевые объекты Build).
     1>ClCompile:
         C:\Program Files (x86)\Microsoft Visual Studio 14.0\VC\bin\CL.exe /c /AI"C:\Program Files (x86)\Reference Assemblies\Microsoft\Framework\.NETFramework\v4.5.2\\" /AI"C:\Program Files (x86)\Windows Kits\8.1\References\CommonConfiguration\Neutral" /AI"C:\Program Files (x86)\Reference Assemblies\Microsoft\Framework\.NETFramework\v4.5.2\Facades\\" /Zi /clr /nologo /W3 /WX- /Od /Oy- /D WIN32 /D _DEBUG /D _UNICODE /D UNICODE /EHa /MDd /GS /fp:precise /Zc:wchar_t /Zc:forScope /Zc:inline /Fo"Debug\\" /Fd"Debug\vc140.pdb" /TP /FU"C:\Program Files (x86)\Reference Assemblies\Microsoft\Framework\.NETFramework\v4.5.2\mscorlib.dll" /FU"C:\Program Files (x86)\Reference Assemblies\Microsoft\Framework\.NETFramework\v4.5.2\System.Data.dll" /FU"C:\Program Files (x86)\Reference Assemblies\Microsoft\Framework\.NETFramework\v4.5.2\System.dll" /FU"C:\Program Files (x86)\Reference Assemblies\Microsoft\Framework\.NETFramework\v4.5.2\System.Drawing.dll" /FU"C:\Program Files (x86)\Reference Assemblies\Microsoft\Framework\.NETFramework\v4.5.2\System.Windows.Forms.dll" /FU"C:\Program Files (x86)\Reference Assemblies\Microsoft\Framework\.NETFramework\v4.5.2\System.Xml.dll" /analyze- /errorReport:prompt /clr:nostdlib MyForm.cpp MyForm1.cpp
         MyForm.cpp
     1>c:\users\кантемир\documents\visual studio 2015\projects\messenger\messenger\MyForm1.h(165): warning C4996: 'strcpy': This function or variable may be unsafe. Consider using strcpy_s instead. To disable deprecation, use _CRT_SECURE_NO_WARNINGS. See online help for details.
         C:\Program Files (x86)\Windows Kits\10\Include\10.0.10150.0\ucrt\string.h(119): note:  см. объявление "strcpy"
     1>c:\users\кантемир\documents\visual studio 2015\projects\messenger\messenger\MyForm1.h(157): warning C4101: res: неиспользованная локальная переменная
     1>c:\users\кантемир\documents\visual studio 2015\projects\messenger\messenger\MyForm1.h(156): warning C4101: buff: неиспользованная локальная переменная
     1>c:\users\кантемир\documents\visual studio 2015\projects\messenger\messenger\MyForm1.h(186): warning C4996: 'strcpy': This function or variable may be unsafe. Consider using strcpy_s instead. To disable deprecation, use _CRT_SECURE_NO_WARNINGS. See online help for details.
         C:\Program Files (x86)\Windows Kits\10\Include\10.0.10150.0\ucrt\string.h(119): note:  см. объявление "strcpy"
     1>c:\users\кантемир\documents\visual studio 2015\projects\messenger\messenger\MyForm1.h(178): warning C4101: res: неиспользованная локальная переменная
     1>c:\users\кантемир\documents\visual studio 2015\projects\messenger\messenger\MyForm1.h(177): warning C4101: buff: неиспользованная локальная переменная
     1>c:\users\кантемир\documents\visual studio 2015\projects\messenger\messenger\MyForm.h(206): warning C4996: 'strcpy': This function or variable may be unsafe. Consider using strcpy_s instead. To disable deprecation, use _CRT_SECURE_NO_WARNINGS. See online help for details.
         C:\Program Files (x86)\Windows Kits\10\Include\10.0.10150.0\ucrt\string.h(119): note:  см. объявление "strcpy"
     1>c:\users\кантемир\documents\visual studio 2015\projects\messenger\messenger\MyForm.h(237): warning C4996: 'strcpy': This function or variable may be unsafe. Consider using strcpy_s instead. To disable deprecation, use _CRT_SECURE_NO_WARNINGS. See online help for details.
         C:\Program Files (x86)\Windows Kits\10\Include\10.0.10150.0\ucrt\string.h(119): note:  см. объявление "strcpy"
     1>MyForm.cpp(32): warning C4551: в вызове функции отсутствует список аргументов
         MyForm1.cpp
     1>c:\users\кантемир\documents\visual studio 2015\projects\messenger\messenger\MyForm1.h(165): warning C4996: 'strcpy': This function or variable may be unsafe. Consider using strcpy_s instead. To disable deprecation, use _CRT_SECURE_NO_WARNINGS. See online help for details.
         C:\Program Files (x86)\Windows Kits\10\Include\10.0.10150.0\ucrt\string.h(119): note:  см. объявление "strcpy"
     1>c:\users\кантемир\documents\visual studio 2015\projects\messenger\messenger\MyForm1.h(157): warning C4101: res: неиспользованная локальная переменная
     1>c:\users\кантемир\documents\visual studio 2015\projects\messenger\messenger\MyForm1.h(156): warning C4101: buff: неиспользованная локальная переменная
     1>c:\users\кантемир\documents\visual studio 2015\projects\messenger\messenger\MyForm1.h(186): warning C4996: 'strcpy': This function or variable may be unsafe. Consider using strcpy_s instead. To disable deprecation, use _CRT_SECURE_NO_WARNINGS. See online help for details.
         C:\Program Files (x86)\Windows Kits\10\Include\10.0.10150.0\ucrt\string.h(119): note:  см. объявление "strcpy"
     1>c:\users\кантемир\documents\visual studio 2015\projects\messenger\messenger\MyForm1.h(178): warning C4101: res: неиспользованная локальная переменная
     1>c:\users\кантемир\documents\visual studio 2015\projects\messenger\messenger\MyForm1.h(177): warning C4101: buff: неиспользованная локальная переменная
         Создание кода...
       Link:
         C:\Program Files (x86)\Microsoft Visual Studio 14.0\VC\bin\link.exe /ERRORREPORT:PROMPT /OUT:"C:\Users\Кантемир\Documents\Visual Studio 2015\Projects\Messenger\Debug\Messenger.exe" /INCREMENTAL /NOLOGO /ASSEMBLYRESOURCE:Debug\Messenger.MyForm.resources /ASSEMBLYRESOURCE:Debug\Messenger.MyForm1.resources /MANIFEST /MANIFESTUAC:"level='asInvoker' uiAccess='false'" /manifest:embed /Debug /PDB:"C:\Users\Кантемир\Documents\Visual Studio 2015\Projects\Messenger\Debug\Messenger.pdb" /ASSEMBLYDEBUG /TLBID:1 /DYNAMICBASE /FIXED:NO /NXCOMPAT /MACHINE:X86 Debug\MyForm.obj
         Debug\MyForm1.obj
         "Debug\.NETFramework,Version=v4.5.2.AssemblyAttributes.obj"
         Messenger.vcxproj -> C:\Users\Кантемир\Documents\Visual Studio 2015\Projects\Messenger\Debug\Messenger.exe
     1>Сборка проекта "C:\Users\Кантемир\Documents\Visual Studio 2015\Projects\Messenger\Messenger\Messenger.vcxproj" завершена (целевые объекты Build).

Сборка успешно завершена.

Затраченное время: 00:00:03.52
